<?xml version="1.0" encoding="UTF-8"?>
<testsuite name="ViewerTest" tests="1" skipped="0" failures="0" errors="0" timestamp="2023-03-09T12:58:00" hostname="MacBook-Air-Nikos.local" time="4.525">
  <properties/>
  <testcase name="start" classname="ViewerTest" time="4.525"/>
  <system-out><![CDATA[?[1;31m
Start test 1?[0m
?[1;31m
Start test 2?[0m
?[0;34mConnection is valid.
?[1;31m
Start test 3?[0m
?[1;31m
Start test 4?[0m
?[0m?[0;34mConnection is valid.
?[1;31m
Start test 5?[0m
?[0m?[0;34mConnection is valid.
?[0m?[0;34mConnection is valid.
?[1;31m
Start test 6?[0m
?[1;31m
Start test 7?[0m
]]></system-out>
  <system-err><![CDATA[]]></system-err>
</testsuite>
